<?xml version="1.0" encoding="UTF-8"?>
<testng-results skipped="0" failed="0" ignored="0" total="1" passed="1">
  <reporter-output>
  </reporter-output>
  <suite name="Default suite" duration-ms="33171" started-at="2023-04-25T22:03:13 IST" finished-at="2023-04-25T22:03:46 IST">
    <groups>
      <group name="cucumber">
        <method signature="AbstractTestNGCucumberTests.runScenario(io.cucumber.testng.PickleWrapper,io.cucumber.testng.FeatureWrapper)[pri:0, instance:runnerCucumber.RunnerTest@543c6f6d]" name="runScenario" class="io.cucumber.testng.AbstractTestNGCucumberTests"/>
      </group> <!-- cucumber -->
    </groups>
    <test name="Default test" duration-ms="33171" started-at="2023-04-25T22:03:13 IST" finished-at="2023-04-25T22:03:46 IST">
      <class name="runnerCucumber.RunnerTest">
        <test-method status="PASS" signature="setUpClass()[pri:0, instance:runnerCucumber.RunnerTest@543c6f6d]" name="setUpClass" is-config="true" duration-ms="1251" started-at="2023-04-25T22:03:13 IST" finished-at="2023-04-25T22:03:14 IST">
          <reporter-output>
          </reporter-output>
        </test-method> <!-- setUpClass -->
        <test-method status="PASS" signature="runScenario(io.cucumber.testng.PickleWrapper,io.cucumber.testng.FeatureWrapper)[pri:0, instance:runnerCucumber.RunnerTest@543c6f6d]" name="runScenario" duration-ms="31078" started-at="2023-04-25T22:03:14 IST" description="Runs Cucumber Scenarios" data-provider="scenarios" finished-at="2023-04-25T22:03:46 IST">
          <params>
            <param index="0">
              <value>
                <![CDATA["To validate first searched item in Google search"]]>
              </value>
            </param>
            <param index="1">
              <value>
                <![CDATA["Optional[Find searched item.]"]]>
              </value>
            </param>
          </params>
          <reporter-output>
          </reporter-output>
        </test-method> <!-- runScenario -->
        <test-method status="PASS" signature="tearDownClass()[pri:0, instance:runnerCucumber.RunnerTest@543c6f6d]" name="tearDownClass" is-config="true" duration-ms="780" started-at="2023-04-25T22:03:46 IST" finished-at="2023-04-25T22:03:46 IST">
          <reporter-output>
          </reporter-output>
        </test-method> <!-- tearDownClass -->
      </class> <!-- runnerCucumber.RunnerTest -->
    </test> <!-- Default test -->
  </suite> <!-- Default suite -->
</testng-results>
